<?xml version="1.0" encoding="UTF-8"?>
<!-- Generated by org.testng.reporters.JUnitReportReporter -->
<testsuite hostname="Ideapad" failures="0" tests="1" name="tests.LoginTest" time="3.994" errors="0" timestamp="2025-08-14T21:23:31 IST" skipped="0">
  <testcase classname="tests.LoginTest" name="loginTest" time="3.994"/>
</testsuite> <!-- tests.LoginTest -->
