<?xml version="1.0" encoding="UTF-8"?>
<!-- Generated by org.testng.reporters.JUnitReportReporter -->
<testsuite hostname="Ideapad" failures="0" tests="1" name="tests.SearchTest" time="0.841" errors="0" timestamp="2025-08-16T23:01:19 IST" skipped="0">
  <testcase classname="tests.SearchTest" name="search" time="0.841"/>
</testsuite> <!-- tests.SearchTest -->
